2016-12-16 22:00:23,039 [MainThread:4904] [django.db.backends:89] [utils:execute] [DEBUG]- (0.000) SET SQL_AUTO_IS_NULL = 0; args=None
2016-12-16 22:03:24,829 [MainThread:5464] [django.db.backends:89] [utils:execute] [DEBUG]- (0.000) SET SQL_AUTO_IS_NULL = 0; args=None
2016-12-16 22:05:56,190 [MainThread:7312] [django.db.backends:89] [utils:execute] [DEBUG]- (0.001) SET SQL_AUTO_IS_NULL = 0; args=None
2016-12-16 22:06:27,737 [MainThread:8924] [django.db.backends:89] [utils:execute] [DEBUG]- (0.000) SET SQL_AUTO_IS_NULL = 0; args=None
2016-12-16 22:09:13,983 [MainThread:8584] [django.db.backends:89] [utils:execute] [DEBUG]- (0.000) SET SQL_AUTO_IS_NULL = 0; args=None
2016-12-16 22:09:59,782 [MainThread:8928] [django.db.backends:89] [utils:execute] [DEBUG]- (0.001) SET SQL_AUTO_IS_NULL = 0; args=None
2016-12-16 22:10:22,421 [MainThread:8636] [django.db.backends:89] [utils:execute] [DEBUG]- (0.000) SET SQL_AUTO_IS_NULL = 0; args=None
2016-12-16 22:10:39,724 [MainThread:1332] [django.db.backends:89] [utils:execute] [DEBUG]- (0.000) SET SQL_AUTO_IS_NULL = 0; args=None
2016-12-16 22:12:03,200 [MainThread:7488] [django.db.backends:89] [utils:execute] [DEBUG]- (0.000) SET SQL_AUTO_IS_NULL = 0; args=None
2016-12-16 22:12:14,573 [MainThread:3448] [django.db.backends:89] [utils:execute] [DEBUG]- (0.000) SET SQL_AUTO_IS_NULL = 0; args=None
2016-12-16 22:13:04,322 [MainThread:8896] [django.db.backends:89] [utils:execute] [DEBUG]- (0.000) SET SQL_AUTO_IS_NULL = 0; args=None
2016-12-16 22:13:04,378 [MainThread:8896] [django.db.backends:89] [utils:execute] [DEBUG]- (0.000) SET SQL_AUTO_IS_NULL = 0; args=None
2016-12-16 22:13:04,381 [MainThread:8896] [django.db.backends:89] [utils:execute] [DEBUG]- (0.002) SHOW FULL TABLES; args=None
2016-12-16 22:13:04,382 [MainThread:8896] [django.db.backends.schema:98] [schema:execute] [DEBUG]- CREATE TABLE `django_migrations` (`id` integer AUTO_INCREMENT NOT NULL PRIMARY KEY, `app` varchar(255) NOT NULL, `name` varchar(255) NOT NULL, `applied` datetime NOT NULL); (params None)
2016-12-16 22:13:04,572 [MainThread:8896] [django.db.backends:89] [utils:execute] [DEBUG]- (0.188) CREATE TABLE `django_migrations` (`id` integer AUTO_INCREMENT NOT NULL PRIMARY KEY, `app` varchar(255) NOT NULL, `name` varchar(255) NOT NULL, `applied` datetime NOT NULL); args=None
2016-12-16 22:13:04,575 [MainThread:8896] [django.db.backends:89] [utils:execute] [DEBUG]- (0.002) SELECT engine FROM information_schema.tables WHERE table_name = 'django_migrations'; args=[u'django_migrations']
2016-12-16 22:13:04,582 [MainThread:8896] [django.db.backends:89] [utils:execute] [DEBUG]- (0.001) SELECT `django_migrations`.`app`, `django_migrations`.`name` FROM `django_migrations`; args=()
2016-12-16 22:13:04,594 [MainThread:8896] [django.db.backends:89] [utils:execute] [DEBUG]- (0.003) SHOW FULL TABLES; args=None
2016-12-16 22:13:04,647 [MainThread:8896] [django.db.backends:89] [utils:execute] [DEBUG]- (0.001) SET foreign_key_checks=0; args=None
2016-12-16 22:13:04,650 [MainThread:8896] [django.db.backends:89] [utils:execute] [DEBUG]- (0.000) SET foreign_key_checks=1; args=None
2016-12-16 22:13:04,655 [MainThread:8896] [django.db.backends:89] [utils:execute] [DEBUG]- (0.000) SET SQL_AUTO_IS_NULL = 0; args=None
2016-12-16 22:13:04,658 [MainThread:8896] [django.db.backends:89] [utils:execute] [DEBUG]- (0.001) SET foreign_key_checks=0; args=None
2016-12-16 22:13:04,663 [MainThread:8896] [django.db.backends:89] [utils:execute] [DEBUG]- (0.000) SET foreign_key_checks=1; args=None
2016-12-16 22:13:04,885 [MainThread:8896] [django.db.backends.schema:98] [schema:execute] [DEBUG]- CREATE TABLE `django_content_type` (`id` integer AUTO_INCREMENT NOT NULL PRIMARY KEY, `name` varchar(100) NOT NULL, `app_label` varchar(100) NOT NULL, `model` varchar(100) NOT NULL); (params None)
2016-12-16 22:13:04,891 [MainThread:8896] [django.db.backends:89] [utils:execute] [DEBUG]- (0.001) SET SQL_AUTO_IS_NULL = 0; args=None
2016-12-16 22:13:05,052 [MainThread:8896] [django.db.backends:89] [utils:execute] [DEBUG]- (0.161) CREATE TABLE `django_content_type` (`id` integer AUTO_INCREMENT NOT NULL PRIMARY KEY, `name` varchar(100) NOT NULL, `app_label` varchar(100) NOT NULL, `model` varchar(100) NOT NULL); args=None
2016-12-16 22:13:05,055 [MainThread:8896] [django.db.backends:89] [utils:execute] [DEBUG]- (0.003) SELECT engine FROM information_schema.tables WHERE table_name = 'django_content_type'; args=[u'django_content_type']
2016-12-16 22:13:05,061 [MainThread:8896] [django.db.backends.schema:98] [schema:execute] [DEBUG]- ALTER TABLE `django_content_type` ADD CONSTRAINT `django_content_type_app_label_3ec8c61c_uniq` UNIQUE (`app_label`, `model`); (params [])
2016-12-16 22:13:05,204 [MainThread:8896] [django.db.backends:89] [utils:execute] [DEBUG]- (0.143) ALTER TABLE `django_content_type` ADD CONSTRAINT `django_content_type_app_label_3ec8c61c_uniq` UNIQUE (`app_label`, `model`); args=[]
2016-12-16 22:13:05,207 [MainThread:8896] [django.db.backends:89] [utils:execute] [DEBUG]- (0.002) SHOW FULL TABLES; args=None
2016-12-16 22:13:05,210 [MainThread:8896] [django.db.backends:89] [utils:execute] [DEBUG]- (0.001) INSERT INTO `django_migrations` (`app`, `name`, `applied`) VALUES ('contenttypes', '0001_initial', '2016-12-16 14:13:05.209000'); args=['contenttypes', u'0001_initial', u'2016-12-16 14:13:05.209000']
2016-12-16 22:13:05,246 [MainThread:8896] [django.db.backends.schema:98] [schema:execute] [DEBUG]- CREATE TABLE `blog_category` (`id` integer AUTO_INCREMENT NOT NULL PRIMARY KEY, `name` varchar(30) NOT NULL, `index` integer NOT NULL); (params None)
2016-12-16 22:13:05,413 [MainThread:8896] [django.db.backends:89] [utils:execute] [DEBUG]- (0.165) CREATE TABLE `blog_category` (`id` integer AUTO_INCREMENT NOT NULL PRIMARY KEY, `name` varchar(30) NOT NULL, `index` integer NOT NULL); args=None
2016-12-16 22:13:05,415 [MainThread:8896] [django.db.backends:89] [utils:execute] [DEBUG]- (0.002) SELECT engine FROM information_schema.tables WHERE table_name = 'blog_category'; args=[u'blog_category']
2016-12-16 22:13:05,420 [MainThread:8896] [django.db.backends.schema:98] [schema:execute] [DEBUG]- CREATE TABLE `blog_tag` (`id` integer AUTO_INCREMENT NOT NULL PRIMARY KEY, `name` varchar(30) NOT NULL); (params None)
2016-12-16 22:13:05,572 [MainThread:8896] [django.db.backends:89] [utils:execute] [DEBUG]- (0.152) CREATE TABLE `blog_tag` (`id` integer AUTO_INCREMENT NOT NULL PRIMARY KEY, `name` varchar(30) NOT NULL); args=None
2016-12-16 22:13:05,575 [MainThread:8896] [django.db.backends:89] [utils:execute] [DEBUG]- (0.002) SELECT engine FROM information_schema.tables WHERE table_name = 'blog_tag'; args=[u'blog_tag']
2016-12-16 22:13:05,578 [MainThread:8896] [django.db.backends:89] [utils:execute] [DEBUG]- (0.002) SHOW FULL TABLES; args=None
2016-12-16 22:13:05,582 [MainThread:8896] [django.db.backends:89] [utils:execute] [DEBUG]- (0.001) INSERT INTO `django_migrations` (`app`, `name`, `applied`) VALUES ('blog', '0001_initial', '2016-12-16 14:13:05.580000'); args=['blog', u'0001_initial', u'2016-12-16 14:13:05.580000']
2016-12-16 22:14:07,326 [MainThread:3312] [django.db.backends:89] [utils:execute] [DEBUG]- (0.000) SET SQL_AUTO_IS_NULL = 0; args=None
2016-12-16 22:14:07,380 [MainThread:3312] [django.db.backends:89] [utils:execute] [DEBUG]- (0.000) SET SQL_AUTO_IS_NULL = 0; args=None
2016-12-16 22:14:07,381 [MainThread:3312] [django.db.backends:89] [utils:execute] [DEBUG]- (0.001) SHOW FULL TABLES; args=None
2016-12-16 22:14:07,384 [MainThread:3312] [django.db.backends:89] [utils:execute] [DEBUG]- (0.000) SELECT `django_migrations`.`app`, `django_migrations`.`name` FROM `django_migrations`; args=()
2016-12-16 22:14:07,390 [MainThread:3312] [django.db.backends:89] [utils:execute] [DEBUG]- (0.001) SHOW FULL TABLES; args=None
2016-12-16 22:14:07,411 [MainThread:3312] [django.db.backends:89] [utils:execute] [DEBUG]- (0.001) SET foreign_key_checks=0; args=None
2016-12-16 22:14:07,414 [MainThread:3312] [django.db.backends:89] [utils:execute] [DEBUG]- (0.000) SET foreign_key_checks=1; args=None
2016-12-16 22:14:07,418 [MainThread:3312] [django.db.backends:89] [utils:execute] [DEBUG]- (0.001) SET SQL_AUTO_IS_NULL = 0; args=None
2016-12-16 22:14:07,421 [MainThread:3312] [django.db.backends:89] [utils:execute] [DEBUG]- (0.000) SET foreign_key_checks=0; args=None
2016-12-16 22:14:07,424 [MainThread:3312] [django.db.backends:89] [utils:execute] [DEBUG]- (0.001) SET foreign_key_checks=1; args=None
2016-12-16 22:14:10,381 [MainThread:7336] [django.db.backends:89] [utils:execute] [DEBUG]- (0.000) SET SQL_AUTO_IS_NULL = 0; args=None
2016-12-16 22:16:02,332 [MainThread:7496] [django.db.backends:89] [utils:execute] [DEBUG]- (0.000) SET SQL_AUTO_IS_NULL = 0; args=None
2016-12-16 22:16:02,374 [MainThread:7496] [django.db.backends:89] [utils:execute] [DEBUG]- (0.000) SET SQL_AUTO_IS_NULL = 0; args=None
2016-12-16 22:16:02,377 [MainThread:7496] [django.db.backends:89] [utils:execute] [DEBUG]- (0.002) SHOW FULL TABLES; args=None
2016-12-16 22:16:02,381 [MainThread:7496] [django.db.backends:89] [utils:execute] [DEBUG]- (0.000) SELECT `django_migrations`.`app`, `django_migrations`.`name` FROM `django_migrations`; args=()
2016-12-16 22:16:02,394 [MainThread:7496] [django.db.backends:89] [utils:execute] [DEBUG]- (0.003) SHOW FULL TABLES; args=None
2016-12-16 22:16:02,421 [MainThread:7496] [django.db.backends:89] [utils:execute] [DEBUG]- (0.000) SET foreign_key_checks=0; args=None
2016-12-16 22:16:02,424 [MainThread:7496] [django.db.backends:89] [utils:execute] [DEBUG]- (0.000) SET foreign_key_checks=1; args=None
2016-12-16 22:16:02,430 [MainThread:7496] [django.db.backends:89] [utils:execute] [DEBUG]- (0.000) SET SQL_AUTO_IS_NULL = 0; args=None
2016-12-16 22:16:02,431 [MainThread:7496] [django.db.backends:89] [utils:execute] [DEBUG]- (0.000) SET foreign_key_checks=0; args=None
2016-12-16 22:16:02,436 [MainThread:7496] [django.db.backends:89] [utils:execute] [DEBUG]- (0.001) SET foreign_key_checks=1; args=None
2016-12-16 22:16:33,253 [MainThread:7152] [django.db.backends:89] [utils:execute] [DEBUG]- (0.000) SET SQL_AUTO_IS_NULL = 0; args=None
2016-12-16 22:16:38,374 [MainThread:2228] [django.db.backends:89] [utils:execute] [DEBUG]- (0.000) SET SQL_AUTO_IS_NULL = 0; args=None
2016-12-16 22:17:14,875 [MainThread:6528] [django.db.backends:89] [utils:execute] [DEBUG]- (0.000) SET SQL_AUTO_IS_NULL = 0; args=None
2016-12-16 22:17:29,479 [MainThread:6664] [django.db.backends:89] [utils:execute] [DEBUG]- (0.001) SET SQL_AUTO_IS_NULL = 0; args=None
2016-12-16 22:17:36,719 [MainThread:32] [django.db.backends:89] [utils:execute] [DEBUG]- (0.000) SET SQL_AUTO_IS_NULL = 0; args=None
2016-12-16 22:17:48,346 [MainThread:7024] [django.db.backends:89] [utils:execute] [DEBUG]- (0.000) SET SQL_AUTO_IS_NULL = 0; args=None
2016-12-16 22:19:12,413 [MainThread:8588] [django.db.backends:89] [utils:execute] [DEBUG]- (0.001) SET SQL_AUTO_IS_NULL = 0; args=None
2016-12-16 22:19:24,153 [MainThread:7632] [django.db.backends:89] [utils:execute] [DEBUG]- (0.000) SET SQL_AUTO_IS_NULL = 0; args=None
2016-12-16 22:19:33,849 [MainThread:2840] [django.db.backends:89] [utils:execute] [DEBUG]- (0.000) SET SQL_AUTO_IS_NULL = 0; args=None
2016-12-16 22:19:38,963 [MainThread:5188] [django.db.backends:89] [utils:execute] [DEBUG]- (0.001) SET SQL_AUTO_IS_NULL = 0; args=None
2016-12-16 22:20:35,855 [MainThread:5584] [django.db.backends:89] [utils:execute] [DEBUG]- (0.001) SET SQL_AUTO_IS_NULL = 0; args=None
2016-12-16 22:20:43,282 [MainThread:7676] [django.db.backends:89] [utils:execute] [DEBUG]- (0.000) SET SQL_AUTO_IS_NULL = 0; args=None
2016-12-16 22:21:14,637 [MainThread:6844] [django.db.backends:89] [utils:execute] [DEBUG]- (0.000) SET SQL_AUTO_IS_NULL = 0; args=None
